0 info it worked if it ends with ok
1 verbose cli [ 'node', '/usr/local/bin/npm', 'install', '-g', 'fs' ]
2 info using npm@1.4.28
3 info using node@v0.10.33
4 verbose cache add [ 'fs', null ]
5 verbose cache add name=undefined spec="fs" args=["fs",null]
6 verbose parsed url { protocol: null,
6 verbose parsed url   slashes: null,
6 verbose parsed url   auth: null,
6 verbose parsed url   host: null,
6 verbose parsed url   port: null,
6 verbose parsed url   hostname: null,
6 verbose parsed url   hash: null,
6 verbose parsed url   search: null,
6 verbose parsed url   query: null,
6 verbose parsed url   pathname: 'fs',
6 verbose parsed url   path: 'fs',
6 verbose parsed url   href: 'fs' }
7 silly lockFile 3f4bb586-fs fs
8 verbose lock fs /Users/alexjansen1/.npm/3f4bb586-fs.lock
9 silly lockFile 3f4bb586-fs fs
10 silly lockFile 3f4bb586-fs fs
11 verbose addNamed [ 'fs', '' ]
12 verbose addNamed [ null, '*' ]
13 silly lockFile a107b96b-fs fs@
14 verbose lock fs@ /Users/alexjansen1/.npm/a107b96b-fs.lock
15 silly addNameRange { name: 'fs', range: '*', hasData: false }
16 verbose request where is /fs
17 verbose request registry https://registry.npmjs.org/
18 verbose request id 8e10a19561eaadbd
19 verbose url raw /fs
20 verbose url resolving [ 'https://registry.npmjs.org/', './fs' ]
21 verbose url resolved https://registry.npmjs.org/fs
22 verbose request where is https://registry.npmjs.org/fs
23 info trying registry request attempt 1 at 16:17:15
24 http GET https://registry.npmjs.org/fs
25 http 200 https://registry.npmjs.org/fs
26 silly registry.get cb [ 200,
26 silly registry.get   { date: 'Sun, 21 Dec 2014 00:17:16 GMT',
26 silly registry.get     server: 'CouchDB/1.5.0 (Erlang OTP/R16B03)',
26 silly registry.get     etag: '"3UQWMMZD15TH5WUAUG7KMSL14"',
26 silly registry.get     'content-type': 'application/json',
26 silly registry.get     'cache-control': 'max-age=60',
26 silly registry.get     'content-length': '1581',
26 silly registry.get     'accept-ranges': 'bytes',
26 silly registry.get     via: '1.1 varnish',
26 silly registry.get     age: '0',
26 silly registry.get     'x-served-by': 'cache-sjc3126-SJC',
26 silly registry.get     'x-cache': 'MISS',
26 silly registry.get     'x-cache-hits': '0',
26 silly registry.get     'x-timer': 'S1419121035.996126,VS0,VE348',
26 silly registry.get     vary: 'Accept',
26 silly registry.get     'keep-alive': 'timeout=10, max=50',
26 silly registry.get     connection: 'Keep-Alive' } ]
27 silly addNameRange number 2 { name: 'fs', range: '*', hasData: true }
28 silly addNameRange versions [ 'fs', [ '0.0.0', '0.0.2' ] ]
29 verbose addNamed [ 'fs', '0.0.2' ]
30 verbose addNamed [ '0.0.2', '0.0.2' ]
31 silly lockFile afea0479-fs-0-0-2 fs@0.0.2
32 verbose lock fs@0.0.2 /Users/alexjansen1/.npm/afea0479-fs-0-0-2.lock
33 silly lockFile f18d0b15-gistry-npmjs-org-fs-fs-0-0-2-tgz https://registry.npmjs.org/fs/-/fs-0.0.2.tgz
34 verbose lock https://registry.npmjs.org/fs/-/fs-0.0.2.tgz /Users/alexjansen1/.npm/f18d0b15-gistry-npmjs-org-fs-fs-0-0-2-tgz.lock
35 verbose addRemoteTarball [ 'https://registry.npmjs.org/fs/-/fs-0.0.2.tgz',
35 verbose addRemoteTarball   'e1f244ef3933c1b2a64bd4799136060d0f5914f8' ]
36 info retry fetch attempt 1 at 16:17:16
37 verbose fetch to= /var/folders/qf/99g_xmc17r55797_91sj576w0000gp/T/npm-2746-6KvZL_mZ/registry.npmjs.org/fs/-/fs-0.0.2.tgz
38 http GET https://registry.npmjs.org/fs/-/fs-0.0.2.tgz
39 http 200 https://registry.npmjs.org/fs/-/fs-0.0.2.tgz
40 silly lockFile f18d0b15-gistry-npmjs-org-fs-fs-0-0-2-tgz https://registry.npmjs.org/fs/-/fs-0.0.2.tgz
41 silly lockFile f18d0b15-gistry-npmjs-org-fs-fs-0-0-2-tgz https://registry.npmjs.org/fs/-/fs-0.0.2.tgz
42 silly lockFile afea0479-fs-0-0-2 fs@0.0.2
43 silly lockFile afea0479-fs-0-0-2 fs@0.0.2
44 silly lockFile a107b96b-fs fs@
45 silly lockFile a107b96b-fs fs@
46 silly resolved [ { name: 'fs',
46 silly resolved     version: '0.0.2',
46 silly resolved     description: '',
46 silly resolved     main: 'index.js',
46 silly resolved     scripts: { test: 'echo "Error: no test specified" && exit 1' },
46 silly resolved     author: '',
46 silly resolved     license: 'MIT',
46 silly resolved     _id: 'fs@0.0.2',
46 silly resolved     _shasum: 'e1f244ef3933c1b2a64bd4799136060d0f5914f8',
46 silly resolved     _from: 'fs@',
46 silly resolved     _npmVersion: '1.4.14',
46 silly resolved     _npmUser: { name: 'alsotang', email: 'alsotang@gmail.com' },
46 silly resolved     maintainers: [ [Object] ],
46 silly resolved     dist:
46 silly resolved      { shasum: 'e1f244ef3933c1b2a64bd4799136060d0f5914f8',
46 silly resolved        tarball: 'http://registry.npmjs.org/fs/-/fs-0.0.2.tgz' },
46 silly resolved     directories: {},
46 silly resolved     _resolved: 'https://registry.npmjs.org/fs/-/fs-0.0.2.tgz' } ]
47 info install fs@0.0.2 into /usr/local/lib
48 info installOne fs@0.0.2
49 verbose lib/node_modules/fs unbuild
50 verbose tar unpack /Users/alexjansen1/.npm/fs/0.0.2/package.tgz
51 silly lockFile 0211c39b-ar-usr-local-lib-node-modules-fs tar:///usr/local/lib/node_modules/fs
52 verbose lock tar:///usr/local/lib/node_modules/fs /Users/alexjansen1/.npm/0211c39b-ar-usr-local-lib-node-modules-fs.lock
53 silly lockFile 78fe313b-jansen1-npm-fs-0-0-2-package-tgz tar:///Users/alexjansen1/.npm/fs/0.0.2/package.tgz
54 verbose lock tar:///Users/alexjansen1/.npm/fs/0.0.2/package.tgz /Users/alexjansen1/.npm/78fe313b-jansen1-npm-fs-0-0-2-package-tgz.lock
55 silly gunzTarPerm modes [ '755', '644' ]
56 error Error: EACCES, mkdir '/usr/local/lib/node_modules/fs'
56 error  { [Error: EACCES, mkdir '/usr/local/lib/node_modules/fs']
56 error   errno: 3,
56 error   code: 'EACCES',
56 error   path: '/usr/local/lib/node_modules/fs',
56 error   fstream_type: 'Directory',
56 error   fstream_path: '/usr/local/lib/node_modules/fs',
56 error   fstream_class: 'DirWriter',
56 error   fstream_stack:
56 error    [ '/usr/local/lib/node_modules/npm/node_modules/fstream/lib/dir-writer.js:36:23',
56 error      '/usr/local/lib/node_modules/npm/node_modules/mkdirp/index.js:46:53',
56 error      'Object.oncomplete (fs.js:107:15)' ] }
57 error Please try running this command again as root/Administrator.
58 error System Darwin 14.0.0
59 error command "node" "/usr/local/bin/npm" "install" "-g" "fs"
60 error cwd /Users/alexjansen1/react-flux-bb/server
61 error node -v v0.10.33
62 error npm -v 1.4.28
63 error path /usr/local/lib/node_modules/fs
64 error fstream_path /usr/local/lib/node_modules/fs
65 error fstream_type Directory
66 error fstream_class DirWriter
67 error code EACCES
68 error errno 3
69 error stack Error: EACCES, mkdir '/usr/local/lib/node_modules/fs'
70 error fstream_stack /usr/local/lib/node_modules/npm/node_modules/fstream/lib/dir-writer.js:36:23
70 error fstream_stack /usr/local/lib/node_modules/npm/node_modules/mkdirp/index.js:46:53
70 error fstream_stack Object.oncomplete (fs.js:107:15)
71 verbose exit [ 3, true ]
